# JRE version: OpenJDK Runtime Environment (17.0.7) (build 17.0.7+0-b2043.56-10550314)
# Java VM: OpenJDK 64-Bit Server VM (17.0.7+0-b2043.56-10550314, mixed mode, tiered, compressed oops, compressed class ptrs, g1 gc, windows-amd64)
GC Precious Log:
 CPUs: 4 total, 4 available
 Memory: 8055M
 Large Page Support: Disabled
 NUMA Support: Disabled
 Compressed Oops: Enabled (32-bit)
 Heap Region Size: 1M
 Heap Min Capacity: 8M
 Heap Initial Capacity: 126M
 Heap Max Capacity: 2G
 Pre-touch: Disabled
 Parallel Workers: 4
 Concurrent Workers: 1
 Concurrent Refinement Workers: 4
 Periodic GC: Disabled
Heap:
 garbage-first heap   total 393216K, used 279040K [0x0000000080000000, 0x0000000100000000)
  region size 1024K, 8 young (8192K), 8 survivors (8192K)
 Metaspace       used 107729K, committed 108480K, reserved 1179648K
  class space    used 14847K, committed 15232K, reserved 1048576K
GC Heap History (20 events):
Event: 24.826 GC heap after
{Heap after GC invocations=27 (full 0):
 garbage-first heap   total 192512K, used 90245K [0x0000000080000000, 0x0000000100000000)
  region size 1024K, 7 young (7168K), 7 survivors (7168K)
 Metaspace       used 93652K, committed 94400K, reserved 1179648K
  class space    used 12884K, committed 13248K, reserved 1048576K
}
Event: 25.769 GC heap before
{Heap before GC invocations=27 (full 0):
 garbage-first heap   total 192512K, used 146565K [0x0000000080000000, 0x0000000100000000)
  region size 1024K, 61 young (62464K), 7 survivors (7168K)
 Metaspace       used 94016K, committed 94656K, reserved 1179648K
  class space    used 12911K, committed 13248K, reserved 1048576K
}
Event: 25.785 GC heap after
{Heap after GC invocations=28 (full 0):
 garbage-first heap   total 192512K, used 97477K [0x0000000080000000, 0x0000000100000000)
  region size 1024K, 5 young (5120K), 5 survivors (5120K)
 Metaspace       used 94016K, committed 94656K, reserved 1179648K
  class space    used 12911K, committed 13248K, reserved 1048576K
}
Event: 27.640 GC heap before
{Heap before GC invocations=29 (full 0):
 garbage-first heap   total 192512K, used 156869K [0x0000000080000000, 0x0000000100000000)
  region size 1024K, 62 young (63488K), 5 survivors (5120K)
 Metaspace       used 98410K, committed 99136K, reserved 1179648K
  class space    used 13396K, committed 13760K, reserved 1048576K
}
Event: 27.659 GC heap after
{Heap after GC invocations=30 (full 0):
 garbage-first heap   total 192512K, used 97556K [0x0000000080000000, 0x0000000100000000)
  region size 1024K, 8 young (8192K), 8 survivors (8192K)
 Metaspace       used 98410K, committed 99136K, reserved 1179648K
  class space    used 13396K, committed 13760K, reserved 1048576K
}
Event: 27.694 GC heap before
{Heap before GC invocations=30 (full 0):
 garbage-first heap   total 192512K, used 97556K [0x0000000080000000, 0x0000000100000000)
  region size 1024K, 9 young (9216K), 8 survivors (8192K)
 Metaspace       used 98425K, committed 99200K, reserved 1179648K
  class space    used 13398K, committed 13760K, reserved 1048576K
}
Event: 27.712 GC heap after
{Heap after GC invocations=31 (full 0):
 garbage-first heap   total 192512K, used 96998K [0x0000000080000000, 0x0000000100000000)
  region size 1024K, 1 young (1024K), 1 survivors (1024K)
 Metaspace       used 98425K, committed 99200K, reserved 1179648K
  class space    used 13398K, committed 13760K, reserved 1048576K
}
Event: 29.099 GC heap before
{Heap before GC invocations=31 (full 0):
 garbage-first heap   total 192512K, used 156390K [0x0000000080000000, 0x0000000100000000)
  region size 1024K, 60 young (61440K), 1 survivors (1024K)
 Metaspace       used 99383K, committed 100096K, reserved 1179648K
  class space    used 13533K, committed 13888K, reserved 1048576K
}
Event: 29.112 GC heap after
{Heap after GC invocations=32 (full 0):
 garbage-first heap   total 192512K, used 100246K [0x0000000080000000, 0x0000000100000000)
  region size 1024K, 5 young (5120K), 5 survivors (5120K)
 Metaspace       used 99383K, committed 100096K, reserved 1179648K
  class space    used 13533K, committed 13888K, reserved 1048576K
}
Event: 30.097 GC heap before
{Heap before GC invocations=33 (full 0):
 garbage-first heap   total 193536K, used 178070K [0x0000000080000000, 0x0000000100000000)
  region size 1024K, 61 young (62464K), 5 survivors (5120K)
 Metaspace       used 99805K, committed 100544K, reserved 1179648K
  class space    used 13577K, committed 13952K, reserved 1048576K
}
Event: 30.120 GC heap after
{Heap after GC invocations=34 (full 0):
 garbage-first heap   total 196608K, used 133842K [0x0000000080000000, 0x0000000100000000)
  region size 1024K, 8 young (8192K), 8 survivors (8192K)
 Metaspace       used 99805K, committed 100544K, reserved 1179648K
  class space    used 13577K, committed 13952K, reserved 1048576K
}
Event: 30.132 GC heap before
{Heap before GC invocations=34 (full 0):
 garbage-first heap   total 196608K, used 133842K [0x0000000080000000, 0x0000000100000000)
  region size 1024K, 9 young (9216K), 8 survivors (8192K)
 Metaspace       used 99852K, committed 100608K, reserved 1179648K
  class space    used 13583K, committed 13952K, reserved 1048576K
}
Event: 30.145 GC heap after
{Heap after GC invocations=35 (full 0):
 garbage-first heap   total 393216K, used 133415K [0x0000000080000000, 0x0000000100000000)
  region size 1024K, 1 young (1024K), 1 survivors (1024K)
 Metaspace       used 99852K, committed 100608K, reserved 1179648K
  class space    used 13583K, committed 13952K, reserved 1048576K
}
Event: 32.119 GC heap before
{Heap before GC invocations=35 (full 0):
 garbage-first heap   total 393216K, used 352551K [0x0000000080000000, 0x0000000100000000)
  region size 1024K, 162 young (165888K), 1 survivors (1024K)
 Metaspace       used 104525K, committed 105216K, reserved 1179648K
  class space    used 14249K, committed 14592K, reserved 1048576K
}
Event: 32.188 GC heap after
{Heap after GC invocations=36 (full 0):
 garbage-first heap   total 393216K, used 186993K [0x0000000080000000, 0x0000000100000000)
  region size 1024K, 21 young (21504K), 21 survivors (21504K)
 Metaspace       used 104525K, committed 105216K, reserved 1179648K
  class space    used 14249K, committed 14592K, reserved 1048576K
}
Event: 33.171 GC heap before
{Heap before GC invocations=36 (full 0):
 garbage-first heap   total 393216K, used 299633K [0x0000000080000000, 0x0000000100000000)
  region size 1024K, 127 young (130048K), 21 survivors (21504K)
 Metaspace       used 107022K, committed 107776K, reserved 1179648K
  class space    used 14783K, committed 15168K, reserved 1048576K
}
Event: 33.271 GC heap after
{Heap after GC invocations=37 (full 0):
 garbage-first heap   total 393216K, used 219643K [0x0000000080000000, 0x0000000100000000)
  region size 1024K, 16 young (16384K), 16 survivors (16384K)
 Metaspace       used 107022K, committed 107776K, reserved 1179648K
  class space    used 14783K, committed 15168K, reserved 1048576K
}
Event: 34.130 GC heap before
{Heap before GC invocations=37 (full 0):
 garbage-first heap   total 393216K, used 303611K [0x0000000080000000, 0x0000000100000000)
  region size 1024K, 98 young (100352K), 16 survivors (16384K)
 Metaspace       used 107445K, committed 108160K, reserved 1179648K
  class space    used 14803K, committed 15168K, reserved 1048576K
}
Event: 34.258 GC heap after
{Heap after GC invocations=38 (full 0):
 garbage-first heap   total 393216K, used 257536K [0x0000000080000000, 0x0000000100000000)
  region size 1024K, 13 young (13312K), 13 survivors (13312K)
 Metaspace       used 107445K, committed 108160K, reserved 1179648K
  class space    used 14803K, committed 15168K, reserved 1048576K
}
Event: 34.659 GC heap before
{Heap before GC invocations=38 (full 0):
 garbage-first heap   total 393216K, used 308736K [0x0000000080000000, 0x0000000100000000)
  region size 1024K, 64 young (65536K), 13 survivors (13312K)
 Metaspace       used 107729K, committed 108480K, reserved 1179648K
  class space    used 14847K, committed 15232K, reserved 1048576K
}

