# JRE version: OpenJDK Runtime Environment (17.0.7) (build 17.0.7+0-b2043.56-10550314)
# Java VM: OpenJDK 64-Bit Server VM (17.0.7+0-b2043.56-10550314, mixed mode, tiered, compressed oops, compressed class ptrs, g1 gc, windows-amd64)
GC Precious Log:
 CPUs: 4 total, 4 available
 Memory: 8055M
 Large Page Support: Disabled
 NUMA Support: Disabled
 Compressed Oops: Enabled (32-bit)
 Heap Region Size: 1M
 Heap Min Capacity: 8M
 Heap Initial Capacity: 126M
 Heap Max Capacity: 2G
 Pre-touch: Disabled
 Parallel Workers: 4
 Concurrent Workers: 1
 Concurrent Refinement Workers: 4
 Periodic GC: Disabled
Heap:
 garbage-first heap   total 503808K, used 294310K [0x0000000080000000, 0x0000000100000000)
  region size 1024K, 3 young (3072K), 3 survivors (3072K)
 Metaspace       used 120916K, committed 121728K, reserved 1179648K
  class space    used 16779K, committed 17216K, reserved 1048576K
GC Heap History (20 events):
Event: 19.884 GC heap after
{Heap after GC invocations=29 (full 0):
 garbage-first heap   total 201728K, used 80113K [0x0000000080000000, 0x0000000100000000)
  region size 1024K, 12 young (12288K), 12 survivors (12288K)
 Metaspace       used 92105K, committed 92800K, reserved 1179648K
  class space    used 12730K, committed 13056K, reserved 1048576K
}
Event: 21.712 GC heap before
{Heap before GC invocations=29 (full 0):
 garbage-first heap   total 201728K, used 156913K [0x0000000080000000, 0x0000000100000000)
  region size 1024K, 88 young (90112K), 12 survivors (12288K)
 Metaspace       used 93247K, committed 93952K, reserved 1179648K
  class space    used 12841K, committed 13184K, reserved 1048576K
}
Event: 21.755 GC heap after
{Heap after GC invocations=30 (full 0):
 garbage-first heap   total 201728K, used 89440K [0x0000000080000000, 0x0000000100000000)
  region size 1024K, 9 young (9216K), 9 survivors (9216K)
 Metaspace       used 93247K, committed 93952K, reserved 1179648K
  class space    used 12841K, committed 13184K, reserved 1048576K
}
Event: 23.196 GC heap before
{Heap before GC invocations=30 (full 0):
 garbage-first heap   total 201728K, used 158048K [0x0000000080000000, 0x0000000100000000)
  region size 1024K, 77 young (78848K), 9 survivors (9216K)
 Metaspace       used 93761K, committed 94400K, reserved 1179648K
  class space    used 12873K, committed 13184K, reserved 1048576K
}
Event: 23.220 GC heap after
{Heap after GC invocations=31 (full 0):
 garbage-first heap   total 201728K, used 95537K [0x0000000080000000, 0x0000000100000000)
  region size 1024K, 6 young (6144K), 6 survivors (6144K)
 Metaspace       used 93761K, committed 94400K, reserved 1179648K
  class space    used 12873K, committed 13184K, reserved 1048576K
}
Event: 23.850 GC heap before
{Heap before GC invocations=31 (full 0):
 garbage-first heap   total 201728K, used 143665K [0x0000000080000000, 0x0000000100000000)
  region size 1024K, 54 young (55296K), 6 survivors (6144K)
 Metaspace       used 94275K, committed 94976K, reserved 1179648K
  class space    used 12960K, committed 13312K, reserved 1048576K
}
Event: 23.875 GC heap after
{Heap after GC invocations=32 (full 0):
 garbage-first heap   total 402432K, used 100264K [0x0000000080000000, 0x0000000100000000)
  region size 1024K, 5 young (5120K), 5 survivors (5120K)
 Metaspace       used 94275K, committed 94976K, reserved 1179648K
  class space    used 12960K, committed 13312K, reserved 1048576K
}
Event: 27.912 GC heap before
{Heap before GC invocations=32 (full 0):
 garbage-first heap   total 402432K, used 305064K [0x0000000080000000, 0x0000000100000000)
  region size 1024K, 200 young (204800K), 5 survivors (5120K)
 Metaspace       used 104521K, committed 105280K, reserved 1179648K
  class space    used 14222K, committed 14592K, reserved 1048576K
}
Event: 27.940 GC heap after
{Heap after GC invocations=33 (full 0):
 garbage-first heap   total 402432K, used 113232K [0x0000000080000000, 0x0000000100000000)
  region size 1024K, 17 young (17408K), 17 survivors (17408K)
 Metaspace       used 104521K, committed 105280K, reserved 1179648K
  class space    used 14222K, committed 14592K, reserved 1048576K
}
Event: 28.916 GC heap before
{Heap before GC invocations=33 (full 0):
 garbage-first heap   total 402432K, used 200272K [0x0000000080000000, 0x0000000100000000)
  region size 1024K, 83 young (84992K), 17 survivors (17408K)
 Metaspace       used 109015K, committed 109696K, reserved 1179648K
  class space    used 14874K, committed 15232K, reserved 1048576K
}
Event: 28.942 GC heap after
{Heap after GC invocations=34 (full 0):
 garbage-first heap   total 402432K, used 140810K [0x0000000080000000, 0x0000000100000000)
  region size 1024K, 21 young (21504K), 21 survivors (21504K)
 Metaspace       used 109015K, committed 109696K, reserved 1179648K
  class space    used 14874K, committed 15232K, reserved 1048576K
}
Event: 30.473 GC heap before
{Heap before GC invocations=35 (full 0):
 garbage-first heap   total 402432K, used 363018K [0x0000000080000000, 0x0000000100000000)
  region size 1024K, 183 young (187392K), 21 survivors (21504K)
 Metaspace       used 117954K, committed 118784K, reserved 1179648K
  class space    used 16267K, committed 16704K, reserved 1048576K
}
Event: 30.563 GC heap after
{Heap after GC invocations=36 (full 0):
 garbage-first heap   total 423936K, used 203462K [0x0000000080000000, 0x0000000100000000)
  region size 1024K, 24 young (24576K), 24 survivors (24576K)
 Metaspace       used 117954K, committed 118784K, reserved 1179648K
  class space    used 16267K, committed 16704K, reserved 1048576K
}
Event: 30.597 GC heap before
{Heap before GC invocations=36 (full 0):
 garbage-first heap   total 423936K, used 204486K [0x0000000080000000, 0x0000000100000000)
  region size 1024K, 25 young (25600K), 24 survivors (24576K)
 Metaspace       used 117956K, committed 118784K, reserved 1179648K
  class space    used 16267K, committed 16704K, reserved 1048576K
}
Event: 30.656 GC heap after
{Heap after GC invocations=37 (full 0):
 garbage-first heap   total 423936K, used 204710K [0x0000000080000000, 0x0000000100000000)
  region size 1024K, 2 young (2048K), 2 survivors (2048K)
 Metaspace       used 117956K, committed 118784K, reserved 1179648K
  class space    used 16267K, committed 16704K, reserved 1048576K
}
Event: 31.807 GC heap before
{Heap before GC invocations=37 (full 0):
 garbage-first heap   total 423936K, used 332710K [0x0000000080000000, 0x0000000100000000)
  region size 1024K, 126 young (129024K), 2 survivors (2048K)
 Metaspace       used 120839K, committed 121600K, reserved 1179648K
  class space    used 16769K, committed 17152K, reserved 1048576K
}
Event: 31.924 GC heap after
{Heap after GC invocations=38 (full 0):
 garbage-first heap   total 423936K, used 259494K [0x0000000080000000, 0x0000000100000000)
  region size 1024K, 16 young (16384K), 16 survivors (16384K)
 Metaspace       used 120839K, committed 121600K, reserved 1179648K
  class space    used 16769K, committed 17152K, reserved 1048576K
}
Event: 32.915 GC heap before
{Heap before GC invocations=39 (full 0):
 garbage-first heap   total 503808K, used 325030K [0x0000000080000000, 0x0000000100000000)
  region size 1024K, 83 young (84992K), 16 survivors (16384K)
 Metaspace       used 120863K, committed 121728K, reserved 1179648K
  class space    used 16770K, committed 17216K, reserved 1048576K
}
Event: 33.016 GC heap after
{Heap after GC invocations=40 (full 0):
 garbage-first heap   total 503808K, used 289702K [0x0000000080000000, 0x0000000100000000)
  region size 1024K, 11 young (11264K), 11 survivors (11264K)
 Metaspace       used 120863K, committed 121728K, reserved 1179648K
  class space    used 16770K, committed 17216K, reserved 1048576K
}
Event: 33.151 GC heap before
{Heap before GC invocations=40 (full 0):
 garbage-first heap   total 503808K, used 303014K [0x0000000080000000, 0x0000000100000000)
  region size 1024K, 24 young (24576K), 11 survivors (11264K)
 Metaspace       used 120916K, committed 121728K, reserved 1179648K
  class space    used 16779K, committed 17216K, reserved 1048576K
}

