# JRE version: OpenJDK Runtime Environment (17.0.7) (build 17.0.7+0-b2043.56-10550314)
# Java VM: OpenJDK 64-Bit Server VM (17.0.7+0-b2043.56-10550314, mixed mode, tiered, compressed oops, compressed class ptrs, g1 gc, windows-amd64)
GC Precious Log:
 CPUs: 4 total, 4 available
 Memory: 8055M
 Large Page Support: Disabled
 NUMA Support: Disabled
 Compressed Oops: Enabled (32-bit)
 Heap Region Size: 1M
 Heap Min Capacity: 8M
 Heap Initial Capacity: 126M
 Heap Max Capacity: 2G
 Pre-touch: Disabled
 Parallel Workers: 4
 Concurrent Workers: 1
 Concurrent Refinement Workers: 4
 Periodic GC: Disabled
Heap:
 garbage-first heap   total 444416K, used 334028K [0x0000000080000000, 0x0000000100000000)
  region size 1024K, 10 young (10240K), 5 survivors (5120K)
 Metaspace       used 134294K, committed 135232K, reserved 1179648K
  class space    used 17619K, committed 18048K, reserved 1048576K
GC Heap History (20 events):
Event: 3699.834 GC heap before
{Heap before GC invocations=68 (full 0):
 garbage-first heap   total 444416K, used 330863K [0x0000000080000000, 0x0000000100000000)
  region size 1024K, 96 young (98304K), 11 survivors (11264K)
 Metaspace       used 123082K, committed 123968K, reserved 1179648K
  class space    used 16204K, committed 16640K, reserved 1048576K
}
Event: 3699.873 GC heap after
{Heap after GC invocations=69 (full 0):
 garbage-first heap   total 444416K, used 254350K [0x0000000080000000, 0x0000000100000000)
  region size 1024K, 10 young (10240K), 10 survivors (10240K)
 Metaspace       used 123082K, committed 123968K, reserved 1179648K
  class space    used 16204K, committed 16640K, reserved 1048576K
}
Event: 3701.659 GC heap before
{Heap before GC invocations=69 (full 0):
 garbage-first heap   total 444416K, used 342414K [0x0000000080000000, 0x0000000100000000)
  region size 1024K, 95 young (97280K), 10 survivors (10240K)
 Metaspace       used 124047K, committed 124928K, reserved 1179648K
  class space    used 16269K, committed 16704K, reserved 1048576K
}
Event: 3701.667 GC heap after
{Heap after GC invocations=70 (full 0):
 garbage-first heap   total 444416K, used 249271K [0x0000000080000000, 0x0000000100000000)
  region size 1024K, 2 young (2048K), 2 survivors (2048K)
 Metaspace       used 124047K, committed 124928K, reserved 1179648K
  class space    used 16269K, committed 16704K, reserved 1048576K
}
Event: 3703.663 GC heap before
{Heap before GC invocations=70 (full 0):
 garbage-first heap   total 444416K, used 346551K [0x0000000080000000, 0x0000000100000000)
  region size 1024K, 98 young (100352K), 2 survivors (2048K)
 Metaspace       used 126479K, committed 127424K, reserved 1179648K
  class space    used 16549K, committed 17024K, reserved 1048576K
}
Event: 3703.680 GC heap after
{Heap after GC invocations=71 (full 0):
 garbage-first heap   total 444416K, used 255671K [0x0000000080000000, 0x0000000100000000)
  region size 1024K, 8 young (8192K), 8 survivors (8192K)
 Metaspace       used 126479K, committed 127424K, reserved 1179648K
  class space    used 16549K, committed 17024K, reserved 1048576K
}
Event: 3705.756 GC heap before
{Heap before GC invocations=71 (full 0):
 garbage-first heap   total 444416K, used 352951K [0x0000000080000000, 0x0000000100000000)
  region size 1024K, 104 young (106496K), 8 survivors (8192K)
 Metaspace       used 128906K, committed 129856K, reserved 1179648K
  class space    used 16862K, committed 17344K, reserved 1048576K
}
Event: 3705.781 GC heap after
{Heap after GC invocations=72 (full 0):
 garbage-first heap   total 444416K, used 262605K [0x0000000080000000, 0x0000000100000000)
  region size 1024K, 8 young (8192K), 8 survivors (8192K)
 Metaspace       used 128906K, committed 129856K, reserved 1179648K
  class space    used 16862K, committed 17344K, reserved 1048576K
}
Event: 3707.163 GC heap before
{Heap before GC invocations=72 (full 0):
 garbage-first heap   total 444416K, used 358861K [0x0000000080000000, 0x0000000100000000)
  region size 1024K, 103 young (105472K), 8 survivors (8192K)
 Metaspace       used 129628K, committed 130560K, reserved 1179648K
  class space    used 16940K, committed 17408K, reserved 1048576K
}
Event: 3707.191 GC heap after
{Heap after GC invocations=73 (full 0):
 garbage-first heap   total 444416K, used 271895K [0x0000000080000000, 0x0000000100000000)
  region size 1024K, 10 young (10240K), 10 survivors (10240K)
 Metaspace       used 129628K, committed 130560K, reserved 1179648K
  class space    used 16940K, committed 17408K, reserved 1048576K
}
Event: 3708.786 GC heap before
{Heap before GC invocations=73 (full 0):
 garbage-first heap   total 444416K, used 385559K [0x0000000080000000, 0x0000000100000000)
  region size 1024K, 101 young (103424K), 10 survivors (10240K)
 Metaspace       used 130869K, committed 131776K, reserved 1179648K
  class space    used 17105K, committed 17536K, reserved 1048576K
}
Event: 3708.816 GC heap after
{Heap after GC invocations=74 (full 0):
 garbage-first heap   total 444416K, used 309248K [0x0000000080000000, 0x0000000100000000)
  region size 1024K, 13 young (13312K), 13 survivors (13312K)
 Metaspace       used 130869K, committed 131776K, reserved 1179648K
  class space    used 17105K, committed 17536K, reserved 1048576K
}
Event: 3709.739 GC heap before
{Heap before GC invocations=74 (full 0):
 garbage-first heap   total 444416K, used 375808K [0x0000000080000000, 0x0000000100000000)
  region size 1024K, 74 young (75776K), 13 survivors (13312K)
 Metaspace       used 133973K, committed 134912K, reserved 1179648K
  class space    used 17573K, committed 18048K, reserved 1048576K
}
Event: 3709.764 GC heap after
{Heap after GC invocations=75 (full 0):
 garbage-first heap   total 444416K, used 318772K [0x0000000080000000, 0x0000000100000000)
  region size 1024K, 6 young (6144K), 6 survivors (6144K)
 Metaspace       used 133973K, committed 134912K, reserved 1179648K
  class space    used 17573K, committed 18048K, reserved 1048576K
}
Event: 3709.787 GC heap before
{Heap before GC invocations=75 (full 0):
 garbage-first heap   total 444416K, used 354612K [0x0000000080000000, 0x0000000100000000)
  region size 1024K, 21 young (21504K), 6 survivors (6144K)
 Metaspace       used 133980K, committed 134912K, reserved 1179648K
  class space    used 17573K, committed 18048K, reserved 1048576K
}
Event: 3709.800 GC heap after
{Heap after GC invocations=76 (full 0):
 garbage-first heap   total 444416K, used 335594K [0x0000000080000000, 0x0000000100000000)
  region size 1024K, 6 young (6144K), 6 survivors (6144K)
 Metaspace       used 133980K, committed 134912K, reserved 1179648K
  class space    used 17573K, committed 18048K, reserved 1048576K
}
Event: 3709.804 GC heap before
{Heap before GC invocations=76 (full 0):
 garbage-first heap   total 444416K, used 338666K [0x0000000080000000, 0x0000000100000000)
  region size 1024K, 9 young (9216K), 6 survivors (6144K)
 Metaspace       used 133981K, committed 134912K, reserved 1179648K
  class space    used 17573K, committed 18048K, reserved 1048576K
}
Event: 3709.808 GC heap after
{Heap after GC invocations=77 (full 0):
 garbage-first heap   total 444416K, used 334792K [0x0000000080000000, 0x0000000100000000)
  region size 1024K, 2 young (2048K), 2 survivors (2048K)
 Metaspace       used 133981K, committed 134912K, reserved 1179648K
  class space    used 17573K, committed 18048K, reserved 1048576K
}
Event: 3710.344 GC heap before
{Heap before GC invocations=77 (full 0):
 garbage-first heap   total 444416K, used 397256K [0x0000000080000000, 0x0000000100000000)
  region size 1024K, 40 young (40960K), 2 survivors (2048K)
 Metaspace       used 134291K, committed 135168K, reserved 1179648K
  class space    used 17619K, committed 18048K, reserved 1048576K
}
Event: 3710.354 GC heap after
{Heap after GC invocations=78 (full 0):
 garbage-first heap   total 444416K, used 347340K [0x0000000080000000, 0x0000000100000000)
  region size 1024K, 5 young (5120K), 5 survivors (5120K)
 Metaspace       used 134291K, committed 135168K, reserved 1179648K
  class space    used 17619K, committed 18048K, reserved 1048576K
}

