# JRE version: OpenJDK Runtime Environment (17.0.7) (build 17.0.7+0-b2043.56-10550314)
# Java VM: OpenJDK 64-Bit Server VM (17.0.7+0-b2043.56-10550314, mixed mode, tiered, compressed oops, compressed class ptrs, g1 gc, windows-amd64)
GC Precious Log:
 CPUs: 4 total, 4 available
 Memory: 8055M
 Large Page Support: Disabled
 NUMA Support: Disabled
 Compressed Oops: Enabled (32-bit)
 Heap Region Size: 1M
 Heap Min Capacity: 8M
 Heap Initial Capacity: 126M
 Heap Max Capacity: 2G
 Pre-touch: Disabled
 Parallel Workers: 4
 Concurrent Workers: 1
 Concurrent Refinement Workers: 4
 Periodic GC: Disabled
Heap:
 garbage-first heap   total 464896K, used 209585K [0x0000000080000000, 0x0000000100000000)
  region size 1024K, 3 young (3072K), 3 survivors (3072K)
 Metaspace       used 195552K, committed 196608K, reserved 1245184K
  class space    used 25179K, committed 25728K, reserved 1048576K
GC Heap History (20 events):
Event: 85.788 GC heap after
{Heap after GC invocations=79 (full 0):
 garbage-first heap   total 464896K, used 154624K [0x0000000080000000, 0x0000000100000000)
  region size 1024K, 3 young (3072K), 3 survivors (3072K)
 Metaspace       used 177134K, committed 178048K, reserved 1245184K
  class space    used 22619K, committed 23040K, reserved 1048576K
}
Event: 91.008 GC heap before
{Heap before GC invocations=79 (full 0):
 garbage-first heap   total 464896K, used 386048K [0x0000000080000000, 0x0000000100000000)
  region size 1024K, 230 young (235520K), 3 survivors (3072K)
 Metaspace       used 192985K, committed 193920K, reserved 1245184K
  class space    used 24909K, committed 25344K, reserved 1048576K
}
Event: 91.035 GC heap after
{Heap after GC invocations=80 (full 0):
 garbage-first heap   total 464896K, used 163421K [0x0000000080000000, 0x0000000100000000)
  region size 1024K, 12 young (12288K), 12 survivors (12288K)
 Metaspace       used 192985K, committed 193920K, reserved 1245184K
  class space    used 24909K, committed 25344K, reserved 1048576K
}
Event: 93.778 GC heap before
{Heap before GC invocations=80 (full 0):
 garbage-first heap   total 464896K, used 382557K [0x0000000080000000, 0x0000000100000000)
  region size 1024K, 226 young (231424K), 12 survivors (12288K)
 Metaspace       used 194629K, committed 195648K, reserved 1245184K
  class space    used 25068K, committed 25600K, reserved 1048576K
}
Event: 93.829 GC heap after
{Heap after GC invocations=81 (full 0):
 garbage-first heap   total 464896K, used 181116K [0x0000000080000000, 0x0000000100000000)
  region size 1024K, 29 young (29696K), 29 survivors (29696K)
 Metaspace       used 194629K, committed 195648K, reserved 1245184K
  class space    used 25068K, committed 25600K, reserved 1048576K
}
Event: 95.712 GC heap before
{Heap before GC invocations=82 (full 0):
 garbage-first heap   total 464896K, used 375676K [0x0000000080000000, 0x0000000100000000)
  region size 1024K, 219 young (224256K), 29 survivors (29696K)
 Metaspace       used 195075K, committed 196096K, reserved 1245184K
  class space    used 25142K, committed 25664K, reserved 1048576K
}
Event: 95.778 GC heap after
{Heap after GC invocations=83 (full 0):
 garbage-first heap   total 464896K, used 194784K [0x0000000080000000, 0x0000000100000000)
  region size 1024K, 18 young (18432K), 18 survivors (18432K)
 Metaspace       used 195075K, committed 196096K, reserved 1245184K
  class space    used 25142K, committed 25664K, reserved 1048576K
}
Event: 95.799 GC heap before
{Heap before GC invocations=83 (full 0):
 garbage-first heap   total 464896K, used 197856K [0x0000000080000000, 0x0000000100000000)
  region size 1024K, 22 young (22528K), 18 survivors (18432K)
 Metaspace       used 195076K, committed 196096K, reserved 1245184K
  class space    used 25142K, committed 25664K, reserved 1048576K
}
Event: 95.827 GC heap after
{Heap after GC invocations=84 (full 0):
 garbage-first heap   total 464896K, used 192512K [0x0000000080000000, 0x0000000100000000)
  region size 1024K, 2 young (2048K), 2 survivors (2048K)
 Metaspace       used 195076K, committed 196096K, reserved 1245184K
  class space    used 25142K, committed 25664K, reserved 1048576K
}
Event: 97.251 GC heap before
{Heap before GC invocations=84 (full 0):
 garbage-first heap   total 464896K, used 374784K [0x0000000080000000, 0x0000000100000000)
  region size 1024K, 180 young (184320K), 2 survivors (2048K)
 Metaspace       used 195218K, committed 196288K, reserved 1245184K
  class space    used 25159K, committed 25664K, reserved 1048576K
}
Event: 97.266 GC heap after
{Heap after GC invocations=85 (full 0):
 garbage-first heap   total 464896K, used 196574K [0x0000000080000000, 0x0000000100000000)
  region size 1024K, 6 young (6144K), 6 survivors (6144K)
 Metaspace       used 195218K, committed 196288K, reserved 1245184K
  class space    used 25159K, committed 25664K, reserved 1048576K
}
Event: 98.723 GC heap before
{Heap before GC invocations=85 (full 0):
 garbage-first heap   total 464896K, used 380894K [0x0000000080000000, 0x0000000100000000)
  region size 1024K, 186 young (190464K), 6 survivors (6144K)
 Metaspace       used 195300K, committed 196352K, reserved 1245184K
  class space    used 25164K, committed 25664K, reserved 1048576K
}
Event: 98.746 GC heap after
{Heap after GC invocations=86 (full 0):
 garbage-first heap   total 464896K, used 203285K [0x0000000080000000, 0x0000000100000000)
  region size 1024K, 13 young (13312K), 13 survivors (13312K)
 Metaspace       used 195300K, committed 196352K, reserved 1245184K
  class space    used 25164K, committed 25664K, reserved 1048576K
}
Event: 99.927 GC heap before
{Heap before GC invocations=86 (full 0):
 garbage-first heap   total 464896K, used 383509K [0x0000000080000000, 0x0000000100000000)
  region size 1024K, 189 young (193536K), 13 survivors (13312K)
 Metaspace       used 195461K, committed 196480K, reserved 1245184K
  class space    used 25171K, committed 25664K, reserved 1048576K
}
Event: 99.957 GC heap after
{Heap after GC invocations=87 (full 0):
 garbage-first heap   total 464896K, used 208896K [0x0000000080000000, 0x0000000100000000)
  region size 1024K, 18 young (18432K), 18 survivors (18432K)
 Metaspace       used 195461K, committed 196480K, reserved 1245184K
  class space    used 25171K, committed 25664K, reserved 1048576K
}
Event: 101.671 GC heap before
{Heap before GC invocations=88 (full 0):
 garbage-first heap   total 464896K, used 385024K [0x0000000080000000, 0x0000000100000000)
  region size 1024K, 192 young (196608K), 18 survivors (18432K)
 Metaspace       used 195509K, committed 196608K, reserved 1245184K
  class space    used 25178K, committed 25728K, reserved 1048576K
}
Event: 101.707 GC heap after
{Heap after GC invocations=89 (full 0):
 garbage-first heap   total 464896K, used 211775K [0x0000000080000000, 0x0000000100000000)
  region size 1024K, 11 young (11264K), 11 survivors (11264K)
 Metaspace       used 195509K, committed 196608K, reserved 1245184K
  class space    used 25178K, committed 25728K, reserved 1048576K
}
Event: 101.744 GC heap before
{Heap before GC invocations=89 (full 0):
 garbage-first heap   total 464896K, used 223039K [0x0000000080000000, 0x0000000100000000)
  region size 1024K, 22 young (22528K), 11 survivors (11264K)
 Metaspace       used 195509K, committed 196608K, reserved 1245184K
  class space    used 25178K, committed 25728K, reserved 1048576K
}
Event: 101.762 GC heap after
{Heap after GC invocations=90 (full 0):
 garbage-first heap   total 464896K, used 209283K [0x0000000080000000, 0x0000000100000000)
  region size 1024K, 2 young (2048K), 2 survivors (2048K)
 Metaspace       used 195509K, committed 196608K, reserved 1245184K
  class space    used 25178K, committed 25728K, reserved 1048576K
}
Event: 102.767 GC heap before
{Heap before GC invocations=90 (full 0):
 garbage-first heap   total 464896K, used 390531K [0x0000000080000000, 0x0000000100000000)
  region size 1024K, 179 young (183296K), 2 survivors (2048K)
 Metaspace       used 195552K, committed 196608K, reserved 1245184K
  class space    used 25179K, committed 25728K, reserved 1048576K
}

