# JRE version: OpenJDK Runtime Environment (17.0.7) (build 17.0.7+0-b2043.56-10550314)
# Java VM: OpenJDK 64-Bit Server VM (17.0.7+0-b2043.56-10550314, mixed mode, tiered, compressed oops, compressed class ptrs, g1 gc, windows-amd64)
GC Precious Log:
 CPUs: 4 total, 4 available
 Memory: 8055M
 Large Page Support: Disabled
 NUMA Support: Disabled
 Compressed Oops: Enabled (32-bit)
 Heap Region Size: 1M
 Heap Min Capacity: 8M
 Heap Initial Capacity: 126M
 Heap Max Capacity: 2G
 Pre-touch: Disabled
 Parallel Workers: 4
 Concurrent Workers: 1
 Concurrent Refinement Workers: 4
 Periodic GC: Disabled
Heap:
 garbage-first heap   total 360448K, used 211800K [0x0000000080000000, 0x0000000100000000)
  region size 1024K, 10 young (10240K), 10 survivors (10240K)
 Metaspace       used 118111K, committed 119424K, reserved 1179648K
  class space    used 15678K, committed 16320K, reserved 1048576K
GC Heap History (20 events):
Event: 4168.380 GC heap after
{Heap after GC invocations=78 (full 0):
 garbage-first heap   total 360448K, used 185690K [0x0000000080000000, 0x0000000100000000)
  region size 1024K, 2 young (2048K), 2 survivors (2048K)
 Metaspace       used 115800K, committed 116800K, reserved 1179648K
  class space    used 15439K, committed 15936K, reserved 1048576K
}
Event: 4205.687 GC heap before
{Heap before GC invocations=78 (full 0):
 garbage-first heap   total 360448K, used 297306K [0x0000000080000000, 0x0000000100000000)
  region size 1024K, 112 young (114688K), 2 survivors (2048K)
 Metaspace       used 116143K, committed 117120K, reserved 1179648K
  class space    used 15460K, committed 15936K, reserved 1048576K
}
Event: 4205.728 GC heap after
{Heap after GC invocations=79 (full 0):
 garbage-first heap   total 360448K, used 195546K [0x0000000080000000, 0x0000000100000000)
  region size 1024K, 12 young (12288K), 12 survivors (12288K)
 Metaspace       used 116143K, committed 117120K, reserved 1179648K
  class space    used 15460K, committed 15936K, reserved 1048576K
}
Event: 4209.369 GC heap before
{Heap before GC invocations=80 (full 0):
 garbage-first heap   total 360448K, used 296922K [0x0000000080000000, 0x0000000100000000)
  region size 1024K, 112 young (114688K), 12 survivors (12288K)
 Metaspace       used 116371K, committed 117376K, reserved 1179648K
  class space    used 15461K, committed 15936K, reserved 1048576K
}
Event: 4209.417 GC heap after
{Heap after GC invocations=81 (full 0):
 garbage-first heap   total 360448K, used 204896K [0x0000000080000000, 0x0000000100000000)
  region size 1024K, 12 young (12288K), 12 survivors (12288K)
 Metaspace       used 116371K, committed 117376K, reserved 1179648K
  class space    used 15461K, committed 15936K, reserved 1048576K
}
Event: 4209.449 GC heap before
{Heap before GC invocations=81 (full 0):
 garbage-first heap   total 360448K, used 210016K [0x0000000080000000, 0x0000000100000000)
  region size 1024K, 17 young (17408K), 12 survivors (12288K)
 Metaspace       used 116371K, committed 117376K, reserved 1179648K
  class space    used 15461K, committed 15936K, reserved 1048576K
}
Event: 4209.478 GC heap after
{Heap after GC invocations=82 (full 0):
 garbage-first heap   total 360448K, used 203776K [0x0000000080000000, 0x0000000100000000)
  region size 1024K, 2 young (2048K), 2 survivors (2048K)
 Metaspace       used 116371K, committed 117376K, reserved 1179648K
  class space    used 15461K, committed 15936K, reserved 1048576K
}
Event: 4261.230 GC heap before
{Heap before GC invocations=82 (full 0):
 garbage-first heap   total 360448K, used 296960K [0x0000000080000000, 0x0000000100000000)
  region size 1024K, 94 young (96256K), 2 survivors (2048K)
 Metaspace       used 116766K, committed 117824K, reserved 1179648K
  class space    used 15483K, committed 16000K, reserved 1048576K
}
Event: 4261.246 GC heap after
{Heap after GC invocations=83 (full 0):
 garbage-first heap   total 360448K, used 209683K [0x0000000080000000, 0x0000000100000000)
  region size 1024K, 8 young (8192K), 8 survivors (8192K)
 Metaspace       used 116766K, committed 117824K, reserved 1179648K
  class space    used 15483K, committed 16000K, reserved 1048576K
}
Event: 4273.679 GC heap before
{Heap before GC invocations=84 (full 0):
 garbage-first heap   total 360448K, used 296723K [0x0000000080000000, 0x0000000100000000)
  region size 1024K, 96 young (98304K), 8 survivors (8192K)
 Metaspace       used 116998K, committed 118016K, reserved 1179648K
  class space    used 15509K, committed 16000K, reserved 1048576K
}
Event: 4273.689 GC heap after
{Heap after GC invocations=85 (full 0):
 garbage-first heap   total 360448K, used 203311K [0x0000000080000000, 0x0000000100000000)
  region size 1024K, 3 young (3072K), 3 survivors (3072K)
 Metaspace       used 116998K, committed 118016K, reserved 1179648K
  class space    used 15509K, committed 16000K, reserved 1048576K
}
Event: 4273.960 GC heap before
{Heap before GC invocations=85 (full 0):
 garbage-first heap   total 360448K, used 216623K [0x0000000080000000, 0x0000000100000000)
  region size 1024K, 17 young (17408K), 3 survivors (3072K)
 Metaspace       used 117000K, committed 118016K, reserved 1179648K
  class space    used 15509K, committed 16000K, reserved 1048576K
}
Event: 4273.981 GC heap after
{Heap after GC invocations=86 (full 0):
 garbage-first heap   total 360448K, used 197969K [0x0000000080000000, 0x0000000100000000)
  region size 1024K, 2 young (2048K), 2 survivors (2048K)
 Metaspace       used 117000K, committed 118016K, reserved 1179648K
  class space    used 15509K, committed 16000K, reserved 1048576K
}
Event: 4276.340 GC heap before
{Heap before GC invocations=86 (full 0):
 garbage-first heap   total 360448K, used 299345K [0x0000000080000000, 0x0000000100000000)
  region size 1024K, 102 young (104448K), 2 survivors (2048K)
 Metaspace       used 117174K, committed 118208K, reserved 1179648K
  class space    used 15516K, committed 16000K, reserved 1048576K
}
Event: 4276.364 GC heap after
{Heap after GC invocations=87 (full 0):
 garbage-first heap   total 360448K, used 207782K [0x0000000080000000, 0x0000000100000000)
  region size 1024K, 12 young (12288K), 12 survivors (12288K)
 Metaspace       used 117174K, committed 118208K, reserved 1179648K
  class space    used 15516K, committed 16000K, reserved 1048576K
}
Event: 4295.491 GC heap before
{Heap before GC invocations=88 (full 0):
 garbage-first heap   total 360448K, used 295846K [0x0000000080000000, 0x0000000100000000)
  region size 1024K, 102 young (104448K), 12 survivors (12288K)
 Metaspace       used 117721K, committed 118976K, reserved 1179648K
  class space    used 15602K, committed 16192K, reserved 1048576K
}
Event: 4295.539 GC heap after
{Heap after GC invocations=89 (full 0):
 garbage-first heap   total 360448K, used 211934K [0x0000000080000000, 0x0000000100000000)
  region size 1024K, 10 young (10240K), 10 survivors (10240K)
 Metaspace       used 117721K, committed 118976K, reserved 1179648K
  class space    used 15602K, committed 16192K, reserved 1048576K
}
Event: 4295.670 GC heap before
{Heap before GC invocations=89 (full 0):
 garbage-first heap   total 360448K, used 219102K [0x0000000080000000, 0x0000000100000000)
  region size 1024K, 17 young (17408K), 10 survivors (10240K)
 Metaspace       used 117725K, committed 118976K, reserved 1179648K
  class space    used 15602K, committed 16192K, reserved 1048576K
}
Event: 4295.703 GC heap after
{Heap after GC invocations=90 (full 0):
 garbage-first heap   total 360448K, used 204906K [0x0000000080000000, 0x0000000100000000)
  region size 1024K, 3 young (3072K), 3 survivors (3072K)
 Metaspace       used 117725K, committed 118976K, reserved 1179648K
  class space    used 15602K, committed 16192K, reserved 1048576K
}
Event: 4342.187 GC heap before
{Heap before GC invocations=90 (full 0):
 garbage-first heap   total 360448K, used 297066K [0x0000000080000000, 0x0000000100000000)
  region size 1024K, 93 young (95232K), 3 survivors (3072K)
 Metaspace       used 118111K, committed 119424K, reserved 1179648K
  class space    used 15678K, committed 16320K, reserved 1048576K
}

