# JRE version: OpenJDK Runtime Environment (17.0.7) (build 17.0.7+0-b2043.56-10550314)
# Java VM: OpenJDK 64-Bit Server VM (17.0.7+0-b2043.56-10550314, mixed mode, tiered, compressed oops, compressed class ptrs, g1 gc, windows-amd64)
GC Precious Log:
 CPUs: 4 total, 4 available
 Memory: 8055M
 Large Page Support: Disabled
 NUMA Support: Disabled
 Compressed Oops: Enabled (32-bit)
 Heap Region Size: 1M
 Heap Min Capacity: 8M
 Heap Initial Capacity: 126M
 Heap Max Capacity: 2G
 Pre-touch: Disabled
 Parallel Workers: 4
 Concurrent Workers: 1
 Concurrent Refinement Workers: 4
 Periodic GC: Disabled
Heap:
 garbage-first heap   total 497664K, used 302481K [0x0000000080000000, 0x0000000100000000)
  region size 1024K, 53 young (54272K), 10 survivors (10240K)
 Metaspace       used 132085K, committed 132928K, reserved 1179648K
  class space    used 17552K, committed 17984K, reserved 1048576K
GC Heap History (20 events):
Event: 44.967 GC heap before
{Heap before GC invocations=48 (full 0):
 garbage-first heap   total 430080K, used 342528K [0x0000000080000000, 0x0000000100000000)
  region size 1024K, 143 young (146432K), 15 survivors (15360K)
 Metaspace       used 123455K, committed 124288K, reserved 1179648K
  class space    used 16333K, committed 16768K, reserved 1048576K
}
Event: 45.024 GC heap after
{Heap after GC invocations=49 (full 0):
 garbage-first heap   total 430080K, used 229888K [0x0000000080000000, 0x0000000100000000)
  region size 1024K, 17 young (17408K), 17 survivors (17408K)
 Metaspace       used 123455K, committed 124288K, reserved 1179648K
  class space    used 16333K, committed 16768K, reserved 1048576K
}
Event: 48.128 GC heap before
{Heap before GC invocations=49 (full 0):
 garbage-first heap   total 430080K, used 365056K [0x0000000080000000, 0x0000000100000000)
  region size 1024K, 131 young (134144K), 17 survivors (17408K)
 Metaspace       used 129103K, committed 129984K, reserved 1179648K
  class space    used 17092K, committed 17536K, reserved 1048576K
}
Event: 48.162 GC heap after
{Heap after GC invocations=50 (full 0):
 garbage-first heap   total 430080K, used 243712K [0x0000000080000000, 0x0000000100000000)
  region size 1024K, 7 young (7168K), 7 survivors (7168K)
 Metaspace       used 129103K, committed 129984K, reserved 1179648K
  class space    used 17092K, committed 17536K, reserved 1048576K
}
Event: 49.446 GC heap before
{Heap before GC invocations=50 (full 0):
 garbage-first heap   total 430080K, used 353280K [0x0000000080000000, 0x0000000100000000)
  region size 1024K, 114 young (116736K), 7 survivors (7168K)
 Metaspace       used 129774K, committed 130688K, reserved 1179648K
  class space    used 17157K, committed 17600K, reserved 1048576K
}
Event: 49.465 GC heap after
{Heap after GC invocations=51 (full 0):
 garbage-first heap   total 430080K, used 245248K [0x0000000080000000, 0x0000000100000000)
  region size 1024K, 8 young (8192K), 8 survivors (8192K)
 Metaspace       used 129774K, committed 130688K, reserved 1179648K
  class space    used 17157K, committed 17600K, reserved 1048576K
}
Event: 50.398 GC heap before
{Heap before GC invocations=51 (full 0):
 garbage-first heap   total 430080K, used 357888K [0x0000000080000000, 0x0000000100000000)
  region size 1024K, 118 young (120832K), 8 survivors (8192K)
 Metaspace       used 129869K, committed 130752K, reserved 1179648K
  class space    used 17163K, committed 17600K, reserved 1048576K
}
Event: 50.421 GC heap after
{Heap after GC invocations=52 (full 0):
 garbage-first heap   total 430080K, used 247296K [0x0000000080000000, 0x0000000100000000)
  region size 1024K, 10 young (10240K), 10 survivors (10240K)
 Metaspace       used 129869K, committed 130752K, reserved 1179648K
  class space    used 17163K, committed 17600K, reserved 1048576K
}
Event: 51.278 GC heap before
{Heap before GC invocations=52 (full 0):
 garbage-first heap   total 430080K, used 363008K [0x0000000080000000, 0x0000000100000000)
  region size 1024K, 123 young (125952K), 10 survivors (10240K)
 Metaspace       used 129960K, committed 130880K, reserved 1179648K
  class space    used 17169K, committed 17600K, reserved 1048576K
}
Event: 51.299 GC heap after
{Heap after GC invocations=53 (full 0):
 garbage-first heap   total 430080K, used 248509K [0x0000000080000000, 0x0000000100000000)
  region size 1024K, 6 young (6144K), 6 survivors (6144K)
 Metaspace       used 129960K, committed 130880K, reserved 1179648K
  class space    used 17169K, committed 17600K, reserved 1048576K
}
Event: 52.201 GC heap before
{Heap before GC invocations=53 (full 0):
 garbage-first heap   total 430080K, used 366269K [0x0000000080000000, 0x0000000100000000)
  region size 1024K, 121 young (123904K), 6 survivors (6144K)
 Metaspace       used 130062K, committed 130944K, reserved 1179648K
  class space    used 17183K, committed 17600K, reserved 1048576K
}
Event: 52.218 GC heap after
{Heap after GC invocations=54 (full 0):
 garbage-first heap   total 430080K, used 249688K [0x0000000080000000, 0x0000000100000000)
  region size 1024K, 7 young (7168K), 7 survivors (7168K)
 Metaspace       used 130062K, committed 130944K, reserved 1179648K
  class space    used 17183K, committed 17600K, reserved 1048576K
}
Event: 53.136 GC heap before
{Heap before GC invocations=54 (full 0):
 garbage-first heap   total 430080K, used 369496K [0x0000000080000000, 0x0000000100000000)
  region size 1024K, 124 young (126976K), 7 survivors (7168K)
 Metaspace       used 130113K, committed 131008K, reserved 1179648K
  class space    used 17187K, committed 17600K, reserved 1048576K
}
Event: 53.153 GC heap after
{Heap after GC invocations=55 (full 0):
 garbage-first heap   total 430080K, used 250653K [0x0000000080000000, 0x0000000100000000)
  region size 1024K, 8 young (8192K), 8 survivors (8192K)
 Metaspace       used 130113K, committed 131008K, reserved 1179648K
  class space    used 17187K, committed 17600K, reserved 1048576K
}
Event: 53.867 GC heap before
{Heap before GC invocations=55 (full 0):
 garbage-first heap   total 430080K, used 372509K [0x0000000080000000, 0x0000000100000000)
  region size 1024K, 127 young (130048K), 8 survivors (8192K)
 Metaspace       used 130181K, committed 131008K, reserved 1179648K
  class space    used 17198K, committed 17600K, reserved 1048576K
}
Event: 53.892 GC heap after
{Heap after GC invocations=56 (full 0):
 garbage-first heap   total 430080K, used 256196K [0x0000000080000000, 0x0000000100000000)
  region size 1024K, 14 young (14336K), 14 survivors (14336K)
 Metaspace       used 130181K, committed 131008K, reserved 1179648K
  class space    used 17198K, committed 17600K, reserved 1048576K
}
Event: 54.560 GC heap before
{Heap before GC invocations=56 (full 0):
 garbage-first heap   total 430080K, used 370884K [0x0000000080000000, 0x0000000100000000)
  region size 1024K, 126 young (129024K), 14 survivors (14336K)
 Metaspace       used 130243K, committed 131072K, reserved 1179648K
  class space    used 17212K, committed 17600K, reserved 1048576K
}
Event: 54.584 GC heap after
{Heap after GC invocations=57 (full 0):
 garbage-first heap   total 430080K, used 258163K [0x0000000080000000, 0x0000000100000000)
  region size 1024K, 10 young (10240K), 10 survivors (10240K)
 Metaspace       used 130243K, committed 131072K, reserved 1179648K
  class space    used 17212K, committed 17600K, reserved 1048576K
}
Event: 55.406 GC heap before
{Heap before GC invocations=57 (full 0):
 garbage-first heap   total 430080K, used 373875K [0x0000000080000000, 0x0000000100000000)
  region size 1024K, 123 young (125952K), 10 survivors (10240K)
 Metaspace       used 131370K, committed 132224K, reserved 1179648K
  class space    used 17421K, committed 17856K, reserved 1048576K
}
Event: 55.427 GC heap after
{Heap after GC invocations=58 (full 0):
 garbage-first heap   total 497664K, used 259473K [0x0000000080000000, 0x0000000100000000)
  region size 1024K, 10 young (10240K), 10 survivors (10240K)
 Metaspace       used 131370K, committed 132224K, reserved 1179648K
  class space    used 17421K, committed 17856K, reserved 1048576K
}

