# JRE version: OpenJDK Runtime Environment (17.0.7) (build 17.0.7+0-b2043.56-10550314)
# Java VM: OpenJDK 64-Bit Server VM (17.0.7+0-b2043.56-10550314, mixed mode, tiered, compressed oops, compressed class ptrs, g1 gc, windows-amd64)
GC Precious Log:
 CPUs: 4 total, 4 available
 Memory: 8055M
 Large Page Support: Disabled
 NUMA Support: Disabled
 Compressed Oops: Enabled (32-bit)
 Heap Region Size: 1M
 Heap Min Capacity: 8M
 Heap Initial Capacity: 126M
 Heap Max Capacity: 2G
 Pre-touch: Disabled
 Parallel Workers: 4
 Concurrent Workers: 1
 Concurrent Refinement Workers: 4
 Periodic GC: Disabled
Heap:
 garbage-first heap   total 499712K, used 279370K [0x0000000080000000, 0x0000000100000000)
  region size 1024K, 117 young (119808K), 15 survivors (15360K)
 Metaspace       used 121352K, committed 122048K, reserved 1179648K
  class space    used 16527K, committed 16896K, reserved 1048576K
GC Heap History (20 events):
Event: 36.411 GC heap before
{Heap before GC invocations=52 (full 0):
 garbage-first heap   total 249856K, used 198000K [0x0000000080000000, 0x0000000100000000)
  region size 1024K, 85 young (87040K), 12 survivors (12288K)
 Metaspace       used 109065K, committed 109760K, reserved 1179648K
  class space    used 14802K, committed 15168K, reserved 1048576K
}
Event: 36.441 GC heap after
{Heap after GC invocations=53 (full 0):
 garbage-first heap   total 249856K, used 132156K [0x0000000080000000, 0x0000000100000000)
  region size 1024K, 10 young (10240K), 10 survivors (10240K)
 Metaspace       used 109065K, committed 109760K, reserved 1179648K
  class space    used 14802K, committed 15168K, reserved 1048576K
}
Event: 37.337 GC heap before
{Heap before GC invocations=53 (full 0):
 garbage-first heap   total 249856K, used 217148K [0x0000000080000000, 0x0000000100000000)
  region size 1024K, 76 young (77824K), 10 survivors (10240K)
 Metaspace       used 112167K, committed 112896K, reserved 1179648K
  class space    used 15316K, committed 15680K, reserved 1048576K
}
Event: 37.372 GC heap after
{Heap after GC invocations=54 (full 0):
 garbage-first heap   total 249856K, used 159273K [0x0000000080000000, 0x0000000100000000)
  region size 1024K, 9 young (9216K), 9 survivors (9216K)
 Metaspace       used 112167K, committed 112896K, reserved 1179648K
  class space    used 15316K, committed 15680K, reserved 1048576K
}
Event: 38.973 GC heap before
{Heap before GC invocations=54 (full 0):
 garbage-first heap   total 249856K, used 207401K [0x0000000080000000, 0x0000000100000000)
  region size 1024K, 56 young (57344K), 9 survivors (9216K)
 Metaspace       used 115121K, committed 115840K, reserved 1179648K
  class space    used 15701K, committed 16064K, reserved 1048576K
}
Event: 39.001 GC heap after
{Heap after GC invocations=55 (full 0):
 garbage-first heap   total 499712K, used 150053K [0x0000000080000000, 0x0000000100000000)
  region size 1024K, 3 young (3072K), 3 survivors (3072K)
 Metaspace       used 115121K, committed 115840K, reserved 1179648K
  class space    used 15701K, committed 16064K, reserved 1048576K
}
Event: 44.240 GC heap before
{Heap before GC invocations=56 (full 0):
 garbage-first heap   total 499712K, used 389669K [0x0000000080000000, 0x0000000100000000)
  region size 1024K, 235 young (240640K), 3 survivors (3072K)
 Metaspace       used 116447K, committed 117184K, reserved 1179648K
  class space    used 15792K, committed 16128K, reserved 1048576K
}
Event: 44.266 GC heap after
{Heap after GC invocations=57 (full 0):
 garbage-first heap   total 499712K, used 158245K [0x0000000080000000, 0x0000000100000000)
  region size 1024K, 10 young (10240K), 10 survivors (10240K)
 Metaspace       used 116447K, committed 117184K, reserved 1179648K
  class space    used 15792K, committed 16128K, reserved 1048576K
}
Event: 44.393 GC heap before
{Heap before GC invocations=57 (full 0):
 garbage-first heap   total 499712K, used 172581K [0x0000000080000000, 0x0000000100000000)
  region size 1024K, 24 young (24576K), 10 survivors (10240K)
 Metaspace       used 116454K, committed 117184K, reserved 1179648K
  class space    used 15792K, committed 16128K, reserved 1048576K
}
Event: 44.414 GC heap after
{Heap after GC invocations=58 (full 0):
 garbage-first heap   total 499712K, used 157829K [0x0000000080000000, 0x0000000100000000)
  region size 1024K, 2 young (2048K), 2 survivors (2048K)
 Metaspace       used 116454K, committed 117184K, reserved 1179648K
  class space    used 15792K, committed 16128K, reserved 1048576K
}
Event: 46.610 GC heap before
{Heap before GC invocations=58 (full 0):
 garbage-first heap   total 499712K, used 401541K [0x0000000080000000, 0x0000000100000000)
  region size 1024K, 240 young (245760K), 2 survivors (2048K)
 Metaspace       used 116652K, committed 117376K, reserved 1179648K
  class space    used 15798K, committed 16128K, reserved 1048576K
}
Event: 46.623 GC heap after
{Heap after GC invocations=59 (full 0):
 garbage-first heap   total 499712K, used 160420K [0x0000000080000000, 0x0000000100000000)
  region size 1024K, 4 young (4096K), 4 survivors (4096K)
 Metaspace       used 116652K, committed 117376K, reserved 1179648K
  class space    used 15798K, committed 16128K, reserved 1048576K
}
Event: 48.835 GC heap before
{Heap before GC invocations=59 (full 0):
 garbage-first heap   total 499712K, used 412324K [0x0000000080000000, 0x0000000100000000)
  region size 1024K, 250 young (256000K), 4 survivors (4096K)
 Metaspace       used 118693K, committed 119488K, reserved 1179648K
  class space    used 16085K, committed 16448K, reserved 1048576K
}
Event: 48.854 GC heap after
{Heap after GC invocations=60 (full 0):
 garbage-first heap   total 499712K, used 163382K [0x0000000080000000, 0x0000000100000000)
  region size 1024K, 7 young (7168K), 7 survivors (7168K)
 Metaspace       used 118693K, committed 119488K, reserved 1179648K
  class space    used 16085K, committed 16448K, reserved 1048576K
}
Event: 50.601 GC heap before
{Heap before GC invocations=60 (full 0):
 garbage-first heap   total 499712K, used 420406K [0x0000000080000000, 0x0000000100000000)
  region size 1024K, 257 young (263168K), 7 survivors (7168K)
 Metaspace       used 119082K, committed 119808K, reserved 1179648K
  class space    used 16162K, committed 16512K, reserved 1048576K
}
Event: 50.634 GC heap after
{Heap after GC invocations=61 (full 0):
 garbage-first heap   total 499712K, used 172300K [0x0000000080000000, 0x0000000100000000)
  region size 1024K, 16 young (16384K), 16 survivors (16384K)
 Metaspace       used 119082K, committed 119808K, reserved 1179648K
  class space    used 16162K, committed 16512K, reserved 1048576K
}
Event: 52.361 GC heap before
{Heap before GC invocations=61 (full 0):
 garbage-first heap   total 499712K, used 416012K [0x0000000080000000, 0x0000000100000000)
  region size 1024K, 254 young (260096K), 16 survivors (16384K)
 Metaspace       used 119230K, committed 119936K, reserved 1179648K
  class space    used 16187K, committed 16512K, reserved 1048576K
}
Event: 52.388 GC heap after
{Heap after GC invocations=62 (full 0):
 garbage-first heap   total 499712K, used 174840K [0x0000000080000000, 0x0000000100000000)
  region size 1024K, 18 young (18432K), 18 survivors (18432K)
 Metaspace       used 119230K, committed 119936K, reserved 1179648K
  class space    used 16187K, committed 16512K, reserved 1048576K
}
Event: 53.924 GC heap before
{Heap before GC invocations=62 (full 0):
 garbage-first heap   total 499712K, used 420600K [0x0000000080000000, 0x0000000100000000)
  region size 1024K, 258 young (264192K), 18 survivors (18432K)
 Metaspace       used 119271K, committed 119936K, reserved 1179648K
  class space    used 16188K, committed 16512K, reserved 1048576K
}
Event: 53.951 GC heap after
{Heap after GC invocations=63 (full 0):
 garbage-first heap   total 499712K, used 174922K [0x0000000080000000, 0x0000000100000000)
  region size 1024K, 15 young (15360K), 15 survivors (15360K)
 Metaspace       used 119271K, committed 119936K, reserved 1179648K
  class space    used 16188K, committed 16512K, reserved 1048576K
}

