# JRE version: OpenJDK Runtime Environment (17.0.7) (build 17.0.7+0-b2043.56-10550314)
# Java VM: OpenJDK 64-Bit Server VM (17.0.7+0-b2043.56-10550314, mixed mode, tiered, compressed oops, compressed class ptrs, g1 gc, windows-amd64)
GC Precious Log:
 CPUs: 4 total, 4 available
 Memory: 8055M
 Large Page Support: Disabled
 NUMA Support: Disabled
 Compressed Oops: Enabled (32-bit)
 Heap Region Size: 1M
 Heap Min Capacity: 8M
 Heap Initial Capacity: 126M
 Heap Max Capacity: 2G
 Pre-touch: Disabled
 Parallel Workers: 4
 Concurrent Workers: 1
 Concurrent Refinement Workers: 4
 Periodic GC: Disabled
Heap:
 garbage-first heap   total 552960K, used 147172K [0x0000000080000000, 0x0000000100000000)
  region size 1024K, 1 young (1024K), 1 survivors (1024K)
 Metaspace       used 152764K, committed 154176K, reserved 1245184K
  class space    used 19648K, committed 20288K, reserved 1048576K
GC Heap History (20 events):
Event: 16037.462 GC heap after
{Heap after GC invocations=91 (full 0):
 garbage-first heap   total 457728K, used 168215K [0x0000000080000000, 0x0000000100000000)
  region size 1024K, 2 young (2048K), 2 survivors (2048K)
 Metaspace       used 142690K, committed 144000K, reserved 1179648K
  class space    used 18634K, committed 19264K, reserved 1048576K
}
Event: 16037.858 GC heap before
{Heap before GC invocations=91 (full 0):
 garbage-first heap   total 457728K, used 181527K [0x0000000080000000, 0x0000000100000000)
  region size 1024K, 16 young (16384K), 2 survivors (2048K)
 Metaspace       used 142733K, committed 144064K, reserved 1179648K
  class space    used 18634K, committed 19264K, reserved 1048576K
}
Event: 16037.863 GC heap after
{Heap after GC invocations=92 (full 0):
 garbage-first heap   total 457728K, used 167178K [0x0000000080000000, 0x0000000100000000)
  region size 1024K, 1 young (1024K), 1 survivors (1024K)
 Metaspace       used 142733K, committed 144064K, reserved 1179648K
  class space    used 18634K, committed 19264K, reserved 1048576K
}
Event: 16206.903 GC heap before
{Heap before GC invocations=93 (full 0):
 garbage-first heap   total 457728K, used 376074K [0x0000000080000000, 0x0000000100000000)
  region size 1024K, 182 young (186368K), 1 survivors (1024K)
 Metaspace       used 142946K, committed 144256K, reserved 1179648K
  class space    used 18647K, committed 19264K, reserved 1048576K
}
Event: 16206.910 GC heap after
{Heap after GC invocations=94 (full 0):
 garbage-first heap   total 457728K, used 157440K [0x0000000080000000, 0x0000000100000000)
  region size 1024K, 1 young (1024K), 1 survivors (1024K)
 Metaspace       used 142946K, committed 144256K, reserved 1179648K
  class space    used 18647K, committed 19264K, reserved 1048576K
}
Event: 16207.294 GC heap before
{Heap before GC invocations=94 (full 0):
 garbage-first heap   total 457728K, used 178944K [0x0000000080000000, 0x0000000100000000)
  region size 1024K, 22 young (22528K), 1 survivors (1024K)
 Metaspace       used 142958K, committed 144256K, reserved 1179648K
  class space    used 18647K, committed 19264K, reserved 1048576K
}
Event: 16207.332 GC heap after
{Heap after GC invocations=95 (full 0):
 garbage-first heap   total 457728K, used 139966K [0x0000000080000000, 0x0000000100000000)
  region size 1024K, 3 young (3072K), 3 survivors (3072K)
 Metaspace       used 142958K, committed 144256K, reserved 1179648K
  class space    used 18647K, committed 19264K, reserved 1048576K
}
Event: 16213.019 GC heap before
{Heap before GC invocations=95 (full 0):
 garbage-first heap   total 457728K, used 290494K [0x0000000080000000, 0x0000000100000000)
  region size 1024K, 152 young (155648K), 3 survivors (3072K)
 Metaspace       used 146984K, committed 148352K, reserved 1179648K
  class space    used 19101K, committed 19712K, reserved 1048576K
}
Event: 16213.057 GC heap after
{Heap after GC invocations=96 (full 0):
 garbage-first heap   total 457728K, used 161317K [0x0000000080000000, 0x0000000100000000)
  region size 1024K, 24 young (24576K), 24 survivors (24576K)
 Metaspace       used 146984K, committed 148352K, reserved 1179648K
  class space    used 19101K, committed 19712K, reserved 1048576K
}
Event: 16221.561 GC heap before
{Heap before GC invocations=97 (full 0):
 garbage-first heap   total 457728K, used 402981K [0x0000000080000000, 0x0000000100000000)
  region size 1024K, 216 young (221184K), 24 survivors (24576K)
 Metaspace       used 150249K, committed 151552K, reserved 1245184K
  class space    used 19367K, committed 19968K, reserved 1048576K
}
Event: 16221.603 GC heap after
{Heap after GC invocations=98 (full 0):
 garbage-first heap   total 457728K, used 164455K [0x0000000080000000, 0x0000000100000000)
  region size 1024K, 14 young (14336K), 14 survivors (14336K)
 Metaspace       used 150249K, committed 151552K, reserved 1245184K
  class space    used 19367K, committed 19968K, reserved 1048576K
}
Event: 16221.966 GC heap before
{Heap before GC invocations=98 (full 0):
 garbage-first heap   total 457728K, used 172647K [0x0000000080000000, 0x0000000100000000)
  region size 1024K, 22 young (22528K), 14 survivors (14336K)
 Metaspace       used 150265K, committed 151616K, reserved 1245184K
  class space    used 19369K, committed 19968K, reserved 1048576K
}
Event: 16221.991 GC heap after
{Heap after GC invocations=99 (full 0):
 garbage-first heap   total 457728K, used 161086K [0x0000000080000000, 0x0000000100000000)
  region size 1024K, 2 young (2048K), 2 survivors (2048K)
 Metaspace       used 150265K, committed 151616K, reserved 1245184K
  class space    used 19369K, committed 19968K, reserved 1048576K
}
Event: 16223.659 GC heap before
{Heap before GC invocations=99 (full 0):
 garbage-first heap   total 457728K, used 223550K [0x0000000080000000, 0x0000000100000000)
  region size 1024K, 65 young (66560K), 2 survivors (2048K)
 Metaspace       used 150887K, committed 152192K, reserved 1245184K
  class space    used 19414K, committed 20032K, reserved 1048576K
}
Event: 16223.673 GC heap after
{Heap after GC invocations=100 (full 0):
 garbage-first heap   total 457728K, used 160921K [0x0000000080000000, 0x0000000100000000)
  region size 1024K, 2 young (2048K), 2 survivors (2048K)
 Metaspace       used 150887K, committed 152192K, reserved 1245184K
  class space    used 19414K, committed 20032K, reserved 1048576K
}
Event: 16230.962 GC heap before
{Heap before GC invocations=101 (full 0):
 garbage-first heap   total 457728K, used 346265K [0x0000000080000000, 0x0000000100000000)
  region size 1024K, 187 young (191488K), 2 survivors (2048K)
 Metaspace       used 152695K, committed 154112K, reserved 1245184K
  class space    used 19640K, committed 20288K, reserved 1048576K
}
Event: 16230.985 GC heap after
{Heap after GC invocations=102 (full 0):
 garbage-first heap   total 457728K, used 161409K [0x0000000080000000, 0x0000000100000000)
  region size 1024K, 8 young (8192K), 8 survivors (8192K)
 Metaspace       used 152695K, committed 154112K, reserved 1245184K
  class space    used 19640K, committed 20288K, reserved 1048576K
}
Event: 16231.333 GC heap before
{Heap before GC invocations=102 (full 0):
 garbage-first heap   total 457728K, used 174721K [0x0000000080000000, 0x0000000100000000)
  region size 1024K, 22 young (22528K), 8 survivors (8192K)
 Metaspace       used 152697K, committed 154112K, reserved 1245184K
  class space    used 19640K, committed 20288K, reserved 1048576K
}
Event: 16231.358 GC heap after
{Heap after GC invocations=103 (full 0):
 garbage-first heap   total 457728K, used 147280K [0x0000000080000000, 0x0000000100000000)
  region size 1024K, 1 young (1024K), 1 survivors (1024K)
 Metaspace       used 152697K, committed 154112K, reserved 1245184K
  class space    used 19640K, committed 20288K, reserved 1048576K
}
Event: 16232.903 GC heap before
{Heap before GC invocations=103 (full 0):
 garbage-first heap   total 457728K, used 230224K [0x0000000080000000, 0x0000000100000000)
  region size 1024K, 83 young (84992K), 1 survivors (1024K)
 Metaspace       used 152764K, committed 154176K, reserved 1245184K
  class space    used 19648K, committed 20288K, reserved 1048576K
}

